  [1m[36m (143.4ms)[0m  [1mCREATE TABLE "schema_migrations" ("version" varchar NOT NULL) [0m
  [1m[35m (0.4ms)[0m  select sqlite_version(*)
  [1m[36m (163.5ms)[0m  [1mCREATE UNIQUE INDEX "unique_schema_migrations" ON "schema_migrations" ("version")[0m
  [1m[35mActiveRecord::SchemaMigration Load (0.6ms)[0m  SELECT "schema_migrations".* FROM "schema_migrations"
Migrating to CreateCompanies (20150414103317)
  [1m[36m (0.3ms)[0m  [1mbegin transaction[0m
  [1m[35m (5.5ms)[0m  CREATE TABLE "companies" ("id" INTEGER PRIMARY KEY AUTOINCREMENT NOT NULL, "name" varchar, "created_at" datetime NOT NULL, "updated_at" datetime NOT NULL) 
  [1m[36mSQL (5.6ms)[0m  [1mINSERT INTO "schema_migrations" ("version") VALUES (?)[0m  [["version", "20150414103317"]]
  [1m[35m (196.1ms)[0m  commit transaction
Migrating to CreateUsers (20150414103457)
  [1m[36m (0.3ms)[0m  [1mbegin transaction[0m
  [1m[35m (5.0ms)[0m  CREATE TABLE "users" ("id" INTEGER PRIMARY KEY AUTOINCREMENT NOT NULL, "fname" varchar, "lname" varchar, "company_id" integer, "created_at" datetime NOT NULL, "updated_at" datetime NOT NULL) 
  [1m[36m (0.7ms)[0m  [1mCREATE  INDEX "index_users_on_company_id" ON "users" ("company_id")[0m
  [1m[35mSQL (0.5ms)[0m  INSERT INTO "schema_migrations" ("version") VALUES (?)  [["version", "20150414103457"]]
  [1m[36m (145.6ms)[0m  [1mcommit transaction[0m
Migrating to CreateProjects (20150414103603)
  [1m[35m (0.2ms)[0m  begin transaction
  [1m[36m (3.2ms)[0m  [1mCREATE TABLE "projects" ("id" INTEGER PRIMARY KEY AUTOINCREMENT NOT NULL, "name" varchar, "company_id" integer, "default_rate" integer, "created_at" datetime NOT NULL, "updated_at" datetime NOT NULL) [0m
  [1m[35m (0.7ms)[0m  CREATE  INDEX "index_projects_on_company_id" ON "projects" ("company_id")
  [1m[36mSQL (3.2ms)[0m  [1mINSERT INTO "schema_migrations" ("version") VALUES (?)[0m  [["version", "20150414103603"]]
  [1m[35m (144.3ms)[0m  commit transaction
Migrating to CreateWorks (20150414103703)
  [1m[36m (1.3ms)[0m  [1mbegin transaction[0m
  [1m[35m (1.7ms)[0m  CREATE TABLE "works" ("id" INTEGER PRIMARY KEY AUTOINCREMENT NOT NULL, "project_id" integer, "user_id" integer, "datetimeperformed" datetime, "hours" decimal, "created_at" datetime NOT NULL, "updated_at" datetime NOT NULL) 
  [1m[36m (0.8ms)[0m  [1mCREATE  INDEX "index_works_on_project_id" ON "works" ("project_id")[0m
  [1m[35m (0.6ms)[0m              SELECT sql
            FROM sqlite_master
            WHERE name='index_works_on_project_id' AND type='index'
            UNION ALL
            SELECT sql
            FROM sqlite_temp_master
            WHERE name='index_works_on_project_id' AND type='index'

  [1m[36m (7.3ms)[0m  [1mCREATE  INDEX "index_works_on_user_id" ON "works" ("user_id")[0m
  [1m[35mSQL (0.9ms)[0m  INSERT INTO "schema_migrations" ("version") VALUES (?)  [["version", "20150414103703"]]
  [1m[36m (145.2ms)[0m  [1mcommit transaction[0m
  [1m[35mActiveRecord::SchemaMigration Load (0.5ms)[0m  SELECT "schema_migrations".* FROM "schema_migrations"
  [1m[36m (0.9ms)[0m  [1m            SELECT sql
            FROM sqlite_master
            WHERE name='index_projects_on_company_id' AND type='index'
            UNION ALL
            SELECT sql
            FROM sqlite_temp_master
            WHERE name='index_projects_on_company_id' AND type='index'
[0m
  [1m[35m (0.9ms)[0m              SELECT sql
            FROM sqlite_master
            WHERE name='index_users_on_company_id' AND type='index'
            UNION ALL
            SELECT sql
            FROM sqlite_temp_master
            WHERE name='index_users_on_company_id' AND type='index'

  [1m[36m (0.5ms)[0m  [1m            SELECT sql
            FROM sqlite_master
            WHERE name='index_works_on_user_id' AND type='index'
            UNION ALL
            SELECT sql
            FROM sqlite_temp_master
            WHERE name='index_works_on_user_id' AND type='index'
[0m
  [1m[35m (0.6ms)[0m              SELECT sql
            FROM sqlite_master
            WHERE name='index_works_on_project_id' AND type='index'
            UNION ALL
            SELECT sql
            FROM sqlite_temp_master
            WHERE name='index_works_on_project_id' AND type='index'

  [1m[36mCompany Load (2.0ms)[0m  [1mSELECT "companies".* FROM "companies"[0m
  [1m[35m (0.4ms)[0m  begin transaction
  [1m[36mSQL (1.9ms)[0m  [1mINSERT INTO "companies" ("name", "created_at", "updated_at") VALUES (?, ?, ?)[0m  [["name", "ABC"], ["created_at", "2015-04-14 11:31:25.055779"], ["updated_at", "2015-04-14 11:31:25.055779"]]
  [1m[35m (169.0ms)[0m  commit transaction
  [1m[36mCompany Load (1.4ms)[0m  [1mSELECT "companies".* FROM "companies"[0m
  [1m[35m (0.5ms)[0m  SELECT COUNT(*) FROM "companies"
  [1m[36mCompany Load (1.0ms)[0m  [1mSELECT  "companies".* FROM "companies"  ORDER BY "companies"."id" ASC LIMIT 1[0m
  [1m[36mCompany Load (6.1ms)[0m  [1mSELECT "companies".* FROM "companies"[0m
  [1m[36mActiveRecord::SchemaMigration Load (0.6ms)[0m  [1mSELECT "schema_migrations".* FROM "schema_migrations"[0m
  [1m[35mActiveRecord::SchemaMigration Load (0.5ms)[0m  SELECT "schema_migrations".* FROM "schema_migrations"
  [1m[36m (0.5ms)[0m  [1m            SELECT sql
            FROM sqlite_master
            WHERE name='index_projects_on_company_id' AND type='index'
            UNION ALL
            SELECT sql
            FROM sqlite_temp_master
            WHERE name='index_projects_on_company_id' AND type='index'
[0m
  [1m[35m (0.5ms)[0m              SELECT sql
            FROM sqlite_master
            WHERE name='index_users_on_company_id' AND type='index'
            UNION ALL
            SELECT sql
            FROM sqlite_temp_master
            WHERE name='index_users_on_company_id' AND type='index'

  [1m[36m (0.5ms)[0m  [1m            SELECT sql
            FROM sqlite_master
            WHERE name='index_works_on_user_id' AND type='index'
            UNION ALL
            SELECT sql
            FROM sqlite_temp_master
            WHERE name='index_works_on_user_id' AND type='index'
[0m
  [1m[35m (1.0ms)[0m              SELECT sql
            FROM sqlite_master
            WHERE name='index_works_on_project_id' AND type='index'
            UNION ALL
            SELECT sql
            FROM sqlite_temp_master
            WHERE name='index_works_on_project_id' AND type='index'

  [1m[36m (0.4ms)[0m  [1mbegin transaction[0m
  [1m[35mSQL (4.9ms)[0m  INSERT INTO "users" ("fname", "lname", "created_at", "updated_at") VALUES (?, ?, ?, ?)  [["fname", "Mohamed"], ["lname", "Gueye"], ["created_at", "2015-04-14 11:42:44.582637"], ["updated_at", "2015-04-14 11:42:44.582637"]]
  [1m[36m (215.2ms)[0m  [1mcommit transaction[0m
  [1m[35mCompany Load (0.8ms)[0m  SELECT  "companies".* FROM "companies"  ORDER BY "companies"."id" ASC LIMIT 1
  [1m[36m (0.3ms)[0m  [1mbegin transaction[0m
  [1m[35mSQL (4.8ms)[0m  INSERT INTO "companies" ("name", "created_at", "updated_at") VALUES (?, ?, ?)  [["name", "Nelam"], ["created_at", "2015-04-14 11:43:44.217469"], ["updated_at", "2015-04-14 11:43:44.217469"]]
  [1m[36m (164.4ms)[0m  [1mcommit transaction[0m
  [1m[36mActiveRecord::SchemaMigration Load (0.5ms)[0m  [1mSELECT "schema_migrations".* FROM "schema_migrations"[0m
  [1m[36mActiveRecord::SchemaMigration Load (0.5ms)[0m  [1mSELECT "schema_migrations".* FROM "schema_migrations"[0m
  [1m[36mActiveRecord::SchemaMigration Load (0.6ms)[0m  [1mSELECT "schema_migrations".* FROM "schema_migrations"[0m
  [1m[35m (0.5ms)[0m  begin transaction
  [1m[36mSQL (1.4ms)[0m  [1mINSERT INTO "users" ("fname", "created_at", "updated_at") VALUES (?, ?, ?)[0m  [["fname", "Doudou"], ["created_at", "2015-04-14 11:49:07.880800"], ["updated_at", "2015-04-14 11:49:07.880800"]]
  [1m[35m (135.3ms)[0m  commit transaction
  [1m[36m (0.3ms)[0m  [1mbegin transaction[0m
  [1m[35mSQL (7.0ms)[0m  INSERT INTO "users" ("lname", "created_at", "updated_at") VALUES (?, ?, ?)  [["lname", "Ndiaye"], ["created_at", "2015-04-14 11:49:08.033084"], ["updated_at", "2015-04-14 11:49:08.033084"]]
  [1m[36m (164.8ms)[0m  [1mcommit transaction[0m
  [1m[36m (0.8ms)[0m  [1mSELECT COUNT(*) FROM "users"[0m
  [1m[35mUser Load (0.8ms)[0m  SELECT "users".* FROM "users"
  [1m[36mUser Load (1.1ms)[0m  [1mSELECT  "users".* FROM "users" WHERE "users"."id" = ? LIMIT 1[0m  [["id", 3]]
  [1m[36mActiveRecord::SchemaMigration Load (0.5ms)[0m  [1mSELECT "schema_migrations".* FROM "schema_migrations"[0m
  [1m[35m (0.7ms)[0m  begin transaction
  [1m[36mSQL (1.5ms)[0m  [1mINSERT INTO "users" ("fname", "created_at", "updated_at") VALUES (?, ?, ?)[0m  [["fname", "ibnou"], ["created_at", "2015-04-14 11:50:47.356962"], ["updated_at", "2015-04-14 11:50:47.356962"]]
  [1m[35m (116.2ms)[0m  commit transaction
  [1m[36m (0.3ms)[0m  [1mbegin transaction[0m
  [1m[35mSQL (1.8ms)[0m  INSERT INTO "users" ("lname", "created_at", "updated_at") VALUES (?, ?, ?)  [["lname", "fall"], ["created_at", "2015-04-14 11:50:47.492914"], ["updated_at", "2015-04-14 11:50:47.492914"]]
  [1m[36m (140.7ms)[0m  [1mcommit transaction[0m
  [1m[36mUser Load (7.3ms)[0m  [1mSELECT "users".* FROM "users"[0m
  [1m[35mCompany Load (1.2ms)[0m  SELECT "companies".* FROM "companies"
  [1m[36m (0.7ms)[0m  [1mSELECT COUNT(*) FROM "companies"[0m
  [1m[35mUser Load (1.2ms)[0m  SELECT "users".* FROM "users"
  [1m[36mUser Load (0.9ms)[0m  [1mSELECT  "users".* FROM "users" WHERE "users"."id" = ? LIMIT 1[0m  [["id", 4]]
  [1m[35mUser Load (0.4ms)[0m  SELECT  "users".* FROM "users" WHERE "users"."id" = ? LIMIT 1  [["id", 3]]
  [1m[36m (0.4ms)[0m  [1mbegin transaction[0m
  [1m[35mSQL (1.3ms)[0m  UPDATE "users" SET "fname" = ?, "updated_at" = ? WHERE "users"."id" = ?  [["fname", "Zale"], ["updated_at", "2015-04-14 11:54:37.051337"], ["id", 3]]
  [1m[36m (133.2ms)[0m  [1mcommit transaction[0m
  [1m[35mUser Load (0.7ms)[0m  SELECT "users".* FROM "users"
  [1m[36mUser Load (0.6ms)[0m  [1mSELECT  "users".* FROM "users" WHERE "users"."id" = ? LIMIT 1[0m  [["id", 5]]
  [1m[35m (0.3ms)[0m  begin transaction
  [1m[36mSQL (1.9ms)[0m  [1mUPDATE "users" SET "fname" = ?, "updated_at" = ? WHERE "users"."id" = ?[0m  [["fname", "kidzy"], ["updated_at", "2015-04-14 11:55:20.297150"], ["id", 5]]
  [1m[35m (122.0ms)[0m  commit transaction
  [1m[36mUser Load (1.6ms)[0m  [1mSELECT "users".* FROM "users"[0m
  [1m[36m (3.6ms)[0m  [1mbegin transaction[0m
  [1m[35mFixture Delete (6.6ms)[0m  DELETE FROM "projects"
  [1m[36mFixture Delete (2.2ms)[0m  [1mDELETE FROM "companies"[0m
  [1m[35mFixture Insert (1.5ms)[0m  INSERT INTO "companies" ("name", "created_at", "updated_at", "id") VALUES ('Orange', '2015-04-14 12:14:18', '2015-04-14 12:14:18', 499495288)
  [1m[36mFixture Insert (0.4ms)[0m  [1mINSERT INTO "companies" ("name", "created_at", "updated_at", "id") VALUES ('Tigo', '2015-04-14 12:14:18', '2015-04-14 12:14:18', 900635090)[0m
  [1m[35mFixture Insert (0.4ms)[0m  INSERT INTO "companies" ("name", "created_at", "updated_at", "id") VALUES ('Expresso', '2015-04-14 12:14:18', '2015-04-14 12:14:18', 701421136)
  [1m[36mFixture Delete (2.9ms)[0m  [1mDELETE FROM "users"[0m
  [1m[35mFixture Insert (1.4ms)[0m  INSERT INTO "users" ("lname", "fname", "created_at", "updated_at", "id", "company_id") VALUES ('katakeynii', 'tha doffy', '2015-04-14 12:14:18', '2015-04-14 12:14:18', 335274323, 499495288)
  [1m[36mFixture Insert (1.0ms)[0m  [1mINSERT INTO "users" ("lname", "fname", "created_at", "updated_at", "id", "company_id") VALUES ('dembalé', 'Demba', '2015-04-14 12:14:18', '2015-04-14 12:14:18', 404783831, 900635090)[0m
  [1m[35mFixture Insert (0.5ms)[0m  INSERT INTO "users" ("fname", "lname", "created_at", "updated_at", "id", "company_id") VALUES ('Moustapha', 'Thilé :p', '2015-04-14 12:14:18', '2015-04-14 12:14:18', 111858298, 701421136)
  [1m[36mFixture Delete (3.0ms)[0m  [1mDELETE FROM "works"[0m
  [1m[35mFixture Insert (24.6ms)[0m  INSERT INTO "works" ("project_id", "user_id", "datetimeperformed", "hours", "created_at", "updated_at", "id") VALUES (NULL, NULL, '2015-04-14 10:37:03.000000', 9.99, '2015-04-14 12:14:18', '2015-04-14 12:14:18', 980190962)
  [1m[36mFixture Insert (0.4ms)[0m  [1mINSERT INTO "works" ("project_id", "user_id", "datetimeperformed", "hours", "created_at", "updated_at", "id") VALUES (NULL, NULL, '2015-04-14 10:37:03.000000', 9.99, '2015-04-14 12:14:18', '2015-04-14 12:14:18', 298486374)[0m
  [1m[35m (160.1ms)[0m  commit transaction
  [1m[36mUser Load (7.7ms)[0m  [1mSELECT "users".* FROM "users"[0m
  [1m[35m (0.5ms)[0m  SELECT COUNT(*) FROM "users"
  [1m[36m (2.8ms)[0m  [1mbegin transaction[0m
  [1m[35mFixture Delete (5.4ms)[0m  DELETE FROM "projects"
  [1m[36mFixture Delete (0.5ms)[0m  [1mDELETE FROM "companies"[0m
  [1m[35mFixture Insert (0.7ms)[0m  INSERT INTO "companies" ("name", "created_at", "updated_at", "id") VALUES ('Orange', '2015-04-14 12:15:19', '2015-04-14 12:15:19', 499495288)
  [1m[36mFixture Insert (0.4ms)[0m  [1mINSERT INTO "companies" ("name", "created_at", "updated_at", "id") VALUES ('Tigo', '2015-04-14 12:15:19', '2015-04-14 12:15:19', 900635090)[0m
  [1m[35mFixture Insert (0.3ms)[0m  INSERT INTO "companies" ("name", "created_at", "updated_at", "id") VALUES ('Expresso', '2015-04-14 12:15:19', '2015-04-14 12:15:19', 701421136)
  [1m[36mFixture Delete (0.4ms)[0m  [1mDELETE FROM "users"[0m
  [1m[35mFixture Insert (0.4ms)[0m  INSERT INTO "users" ("lname", "fname", "created_at", "updated_at", "id", "company_id") VALUES ('katakeynii', 'tha doffy', '2015-04-14 12:15:19', '2015-04-14 12:15:19', 335274323, 499495288)
  [1m[36mFixture Insert (0.3ms)[0m  [1mINSERT INTO "users" ("lname", "fname", "created_at", "updated_at", "id", "company_id") VALUES ('dembalé', 'Demba', '2015-04-14 12:15:19', '2015-04-14 12:15:19', 404783831, 900635090)[0m
  [1m[35mFixture Insert (0.3ms)[0m  INSERT INTO "users" ("fname", "lname", "created_at", "updated_at", "id", "company_id") VALUES ('Moustapha', 'Thilé :p', '2015-04-14 12:15:19', '2015-04-14 12:15:19', 111858298, 701421136)
  [1m[36mFixture Delete (0.8ms)[0m  [1mDELETE FROM "works"[0m
  [1m[35mFixture Insert (0.5ms)[0m  INSERT INTO "works" ("project_id", "user_id", "datetimeperformed", "hours", "created_at", "updated_at", "id") VALUES (NULL, NULL, '2015-04-14 10:37:03.000000', 9.99, '2015-04-14 12:15:19', '2015-04-14 12:15:19', 980190962)
  [1m[36mFixture Insert (0.4ms)[0m  [1mINSERT INTO "works" ("project_id", "user_id", "datetimeperformed", "hours", "created_at", "updated_at", "id") VALUES (NULL, NULL, '2015-04-14 10:37:03.000000', 9.99, '2015-04-14 12:15:19', '2015-04-14 12:15:19', 298486374)[0m
  [1m[35m (133.3ms)[0m  commit transaction
  [1m[36mUser Load (8.2ms)[0m  [1mSELECT "users".* FROM "users"[0m
  [1m[36m (1.9ms)[0m  [1mbegin transaction[0m
  [1m[35mFixture Delete (3.0ms)[0m  DELETE FROM "projects"
  [1m[36mFixture Insert (1.6ms)[0m  [1mINSERT INTO "projects" ("name", "default_rate", "created_at", "updated_at", "id", "company_id") VALUES ('kill orange', 150, '2015-04-14 12:19:31', '2015-04-14 12:19:31', 488121265, 900635090)[0m
  [1m[35mFixture Insert (1.2ms)[0m  INSERT INTO "projects" ("name", "default_rate", "created_at", "updated_at", "id", "company_id") VALUES ('kill tigo', 100, '2015-04-14 12:19:31', '2015-04-14 12:19:31', 26442004, 499495288)
  [1m[36mFixture Insert (0.4ms)[0m  [1mINSERT INTO "projects" ("name", "default_rate", "created_at", "updated_at", "id", "company_id") VALUES ('I kill them all before :p ', 75, '2015-04-14 12:19:31', '2015-04-14 12:19:31', 685002319, 701421136)[0m
  [1m[35mFixture Delete (1.6ms)[0m  DELETE FROM "companies"
  [1m[36mFixture Insert (0.4ms)[0m  [1mINSERT INTO "companies" ("name", "created_at", "updated_at", "id") VALUES ('Orange', '2015-04-14 12:19:31', '2015-04-14 12:19:31', 499495288)[0m
  [1m[35mFixture Insert (0.4ms)[0m  INSERT INTO "companies" ("name", "created_at", "updated_at", "id") VALUES ('Tigo', '2015-04-14 12:19:31', '2015-04-14 12:19:31', 900635090)
  [1m[36mFixture Insert (0.4ms)[0m  [1mINSERT INTO "companies" ("name", "created_at", "updated_at", "id") VALUES ('Expresso', '2015-04-14 12:19:31', '2015-04-14 12:19:31', 701421136)[0m
  [1m[35mFixture Delete (1.8ms)[0m  DELETE FROM "users"
  [1m[36mFixture Insert (0.4ms)[0m  [1mINSERT INTO "users" ("lname", "fname", "created_at", "updated_at", "id", "company_id") VALUES ('katakeynii', 'tha doffy', '2015-04-14 12:19:31', '2015-04-14 12:19:31', 335274323, 499495288)[0m
  [1m[35mFixture Insert (1.5ms)[0m  INSERT INTO "users" ("lname", "fname", "created_at", "updated_at", "id", "company_id") VALUES ('dembalé', 'Demba', '2015-04-14 12:19:31', '2015-04-14 12:19:31', 404783831, 900635090)
  [1m[36mFixture Insert (0.5ms)[0m  [1mINSERT INTO "users" ("fname", "lname", "created_at", "updated_at", "id", "company_id") VALUES ('Moustapha', 'Thilé :p', '2015-04-14 12:19:31', '2015-04-14 12:19:31', 111858298, 701421136)[0m
  [1m[35mFixture Delete (1.0ms)[0m  DELETE FROM "works"
  [1m[36mFixture Insert (0.6ms)[0m  [1mINSERT INTO "works" ("project_id", "user_id", "datetimeperformed", "hours", "created_at", "updated_at", "id") VALUES (NULL, NULL, '2015-04-14 10:37:03.000000', 9.99, '2015-04-14 12:19:31', '2015-04-14 12:19:31', 980190962)[0m
  [1m[35mFixture Insert (0.5ms)[0m  INSERT INTO "works" ("project_id", "user_id", "datetimeperformed", "hours", "created_at", "updated_at", "id") VALUES (NULL, NULL, '2015-04-14 10:37:03.000000', 9.99, '2015-04-14 12:19:31', '2015-04-14 12:19:31', 298486374)
  [1m[36m (143.8ms)[0m  [1mcommit transaction[0m
  [1m[36mProject Load (8.5ms)[0m  [1mSELECT "projects".* FROM "projects"[0m
  [1m[35mProject Load (0.9ms)[0m  SELECT  "projects".* FROM "projects"  ORDER BY "projects"."id" ASC LIMIT 1
  [1m[36mCompany Load (2.0ms)[0m  [1mSELECT  "companies".* FROM "companies" WHERE "companies"."id" = ? LIMIT 1[0m  [["id", 499495288]]


Started GET "/" for 127.0.0.1 at 2015-04-14 14:28:43 +0000
  [1m[36mActiveRecord::SchemaMigration Load (0.8ms)[0m  [1mSELECT "schema_migrations".* FROM "schema_migrations"[0m
Processing by Rails::WelcomeController#index as HTML
  Rendered /home/mohamed/.rbenv/versions/2.1.5/lib/ruby/gems/2.1.0/gems/railties-4.2.1/lib/rails/templates/rails/welcome/index.html.erb (16.7ms)
Completed 200 OK in 233ms (Views: 159.6ms | ActiveRecord: 0.0ms)


Started GET "/" for 127.0.0.1 at 2015-04-14 14:31:31 +0000
  [1m[36mActiveRecord::SchemaMigration Load (0.5ms)[0m  [1mSELECT "schema_migrations".* FROM "schema_migrations"[0m
Processing by Rails::WelcomeController#index as HTML
  Rendered /home/mohamed/.rbenv/versions/2.1.5/lib/ruby/gems/2.1.0/gems/railties-4.2.1/lib/rails/templates/rails/welcome/index.html.erb (5.7ms)
Completed 200 OK in 61ms (Views: 25.3ms | ActiveRecord: 0.0ms)


Started GET "/" for 127.0.0.1 at 2015-04-14 14:31:43 +0000
Processing by Rails::WelcomeController#index as HTML
  Rendered /home/mohamed/.rbenv/versions/2.1.5/lib/ruby/gems/2.1.0/gems/railties-4.2.1/lib/rails/templates/rails/welcome/index.html.erb (0.2ms)
Completed 200 OK in 6ms (Views: 4.6ms | ActiveRecord: 0.0ms)


Started GET "/rails/info/properties" for 127.0.0.1 at 2015-04-14 14:31:49 +0000
Processing by Rails::InfoController#properties as HTML
  [1m[35mActiveRecord::SchemaMigration Load (0.5ms)[0m  SELECT "schema_migrations".* FROM "schema_migrations"
  Rendered /home/mohamed/.rbenv/versions/2.1.5/lib/ruby/gems/2.1.0/gems/railties-4.2.1/lib/rails/templates/rails/info/properties.html.erb (1.5ms)
Completed 200 OK in 80ms (Views: 59.6ms | ActiveRecord: 1.2ms)
